
*** Running vivado
    with args -log occupancy_tracker.vds -m64 -product Vivado -mode batch -messageDb vivado.pb -notrace -source occupancy_tracker.tcl


****** Vivado v2018.2 (64-bit)
  **** SW Build 2258646 on Thu Jun 14 20:02:38 MDT 2018
  **** IP Build 2256618 on Thu Jun 14 22:10:49 MDT 2018
    ** Copyright 1986-2018 Xilinx, Inc. All Rights Reserved.

source occupancy_tracker.tcl -notrace
Command: synth_design -top occupancy_tracker -part xc7a100tcsg324-1
Starting synth_design
Attempting to get a license for feature 'Synthesis' and/or device 'xc7a100t'
INFO: [Common 17-349] Got license for feature 'Synthesis' and/or device 'xc7a100t'
INFO: Launching helper process for spawning children vivado processes
INFO: Helper process launched with PID 3515 
---------------------------------------------------------------------------------
Starting Synthesize : Time (s): cpu = 00:00:01 ; elapsed = 00:00:02 . Memory (MB): peak = 1401.578 ; gain = 85.801 ; free physical = 12362 ; free virtual = 23540
---------------------------------------------------------------------------------
INFO: [Synth 8-638] synthesizing module 'occupancy_tracker' [/nfs/home/g/gr_marco/313_PROJECT/project/project.srcs/sources_1/imports/313_PROJECT/occupancy_tracker.vhd:11]
WARNING: [Synth 8-614] signal 'max_occupancy' is read in the process but is not in the sensitivity list [/nfs/home/g/gr_marco/313_PROJECT/project/project.srcs/sources_1/imports/313_PROJECT/occupancy_tracker.vhd:13]
INFO: [Synth 8-256] done synthesizing module 'occupancy_tracker' (1#1) [/nfs/home/g/gr_marco/313_PROJECT/project/project.srcs/sources_1/imports/313_PROJECT/occupancy_tracker.vhd:11]
---------------------------------------------------------------------------------
Finished Synthesize : Time (s): cpu = 00:00:02 ; elapsed = 00:00:03 . Memory (MB): peak = 1446.219 ; gain = 130.441 ; free physical = 12374 ; free virtual = 23554
---------------------------------------------------------------------------------
---------------------------------------------------------------------------------
Finished Constraint Validation : Time (s): cpu = 00:00:02 ; elapsed = 00:00:04 . Memory (MB): peak = 1446.219 ; gain = 130.441 ; free physical = 12373 ; free virtual = 23553
---------------------------------------------------------------------------------
---------------------------------------------------------------------------------
Start Loading Part and Timing Information
---------------------------------------------------------------------------------
Loading part: xc7a100tcsg324-1
INFO: [Device 21-403] Loading part xc7a100tcsg324-1
---------------------------------------------------------------------------------
Finished Loading Part and Timing Information : Time (s): cpu = 00:00:02 ; elapsed = 00:00:04 . Memory (MB): peak = 1454.215 ; gain = 138.438 ; free physical = 12372 ; free virtual = 23553
---------------------------------------------------------------------------------
---------------------------------------------------------------------------------
Finished RTL Optimization Phase 2 : Time (s): cpu = 00:00:02 ; elapsed = 00:00:04 . Memory (MB): peak = 1462.219 ; gain = 146.441 ; free physical = 12364 ; free virtual = 23545
---------------------------------------------------------------------------------

Report RTL Partitions: 
+-+--------------+------------+----------+
| |RTL Partition |Replication |Instances |
+-+--------------+------------+----------+
+-+--------------+------------+----------+
No constraint files found.
---------------------------------------------------------------------------------
Start RTL Component Statistics 
---------------------------------------------------------------------------------
Detailed RTL Component Info : 
+---Adders : 
	   3 Input      6 Bit       Adders := 1     
	   2 Input      6 Bit       Adders := 2     
+---Registers : 
	                6 Bit    Registers := 1     
+---Muxes : 
	   2 Input      6 Bit        Muxes := 1     
---------------------------------------------------------------------------------
Finished RTL Component Statistics 
---------------------------------------------------------------------------------
---------------------------------------------------------------------------------
Start RTL Hierarchical Component Statistics 
---------------------------------------------------------------------------------
Hierarchical RTL Component report 
Module occupancy_tracker 
Detailed RTL Component Info : 
+---Adders : 
	   3 Input      6 Bit       Adders := 1     
	   2 Input      6 Bit       Adders := 2     
+---Registers : 
	                6 Bit    Registers := 1     
+---Muxes : 
	   2 Input      6 Bit        Muxes := 1     
---------------------------------------------------------------------------------
Finished RTL Hierarchical Component Statistics
---------------------------------------------------------------------------------
---------------------------------------------------------------------------------
Start Part Resource Summary
---------------------------------------------------------------------------------
Part Resources:
DSPs: 240 (col length:80)
BRAMs: 270 (col length: RAMB18 80 RAMB36 40)
---------------------------------------------------------------------------------
Finished Part Resource Summary
---------------------------------------------------------------------------------
No constraint files found.
---------------------------------------------------------------------------------
Start Cross Boundary and Area Optimization
---------------------------------------------------------------------------------
Warning: Parallel synthesis criteria is not met 
---------------------------------------------------------------------------------
Finished Cross Boundary and Area Optimization : Time (s): cpu = 00:00:06 ; elapsed = 00:00:19 . Memory (MB): peak = 1596.051 ; gain = 280.273 ; free physical = 12173 ; free virtual = 23374
---------------------------------------------------------------------------------

Report RTL Partitions: 
+-+--------------+------------+----------+
| |RTL Partition |Replication |Instances |
+-+--------------+------------+----------+
+-+--------------+------------+----------+
No constraint files found.
---------------------------------------------------------------------------------
Start Timing Optimization
---------------------------------------------------------------------------------
---------------------------------------------------------------------------------
Finished Timing Optimization : Time (s): cpu = 00:00:06 ; elapsed = 00:00:19 . Memory (MB): peak = 1596.051 ; gain = 280.273 ; free physical = 12173 ; free virtual = 23374
---------------------------------------------------------------------------------

Report RTL Partitions: 
+-+--------------+------------+----------+
| |RTL Partition |Replication |Instances |
+-+--------------+------------+----------+
+-+--------------+------------+----------+
---------------------------------------------------------------------------------
Start Technology Mapping
---------------------------------------------------------------------------------
---------------------------------------------------------------------------------
Finished Technology Mapping : Time (s): cpu = 00:00:06 ; elapsed = 00:00:19 . Memory (MB): peak = 1596.051 ; gain = 280.273 ; free physical = 12172 ; free virtual = 23373
---------------------------------------------------------------------------------

Report RTL Partitions: 
+-+--------------+------------+----------+
| |RTL Partition |Replication |Instances |
+-+--------------+------------+----------+
+-+--------------+------------+----------+
---------------------------------------------------------------------------------
Start IO Insertion
---------------------------------------------------------------------------------
---------------------------------------------------------------------------------
Start Flattening Before IO Insertion
---------------------------------------------------------------------------------
---------------------------------------------------------------------------------
Finished Flattening Before IO Insertion
---------------------------------------------------------------------------------
---------------------------------------------------------------------------------
Start Final Netlist Cleanup
---------------------------------------------------------------------------------
---------------------------------------------------------------------------------
Finished Final Netlist Cleanup
---------------------------------------------------------------------------------
---------------------------------------------------------------------------------
Finished IO Insertion : Time (s): cpu = 00:00:06 ; elapsed = 00:00:19 . Memory (MB): peak = 1596.051 ; gain = 280.273 ; free physical = 12172 ; free virtual = 23373
---------------------------------------------------------------------------------

Report Check Netlist: 
+------+------------------+-------+---------+-------+------------------+
|      |Item              |Errors |Warnings |Status |Description       |
+------+------------------+-------+---------+-------+------------------+
|1     |multi_driven_nets |      0|        0|Passed |Multi driven nets |
+------+------------------+-------+---------+-------+------------------+
---------------------------------------------------------------------------------
Start Renaming Generated Instances
---------------------------------------------------------------------------------
---------------------------------------------------------------------------------
Finished Renaming Generated Instances : Time (s): cpu = 00:00:06 ; elapsed = 00:00:19 . Memory (MB): peak = 1596.051 ; gain = 280.273 ; free physical = 12172 ; free virtual = 23373
---------------------------------------------------------------------------------

Report RTL Partitions: 
+-+--------------+------------+----------+
| |RTL Partition |Replication |Instances |
+-+--------------+------------+----------+
+-+--------------+------------+----------+
---------------------------------------------------------------------------------
Start Rebuilding User Hierarchy
---------------------------------------------------------------------------------
---------------------------------------------------------------------------------
Finished Rebuilding User Hierarchy : Time (s): cpu = 00:00:06 ; elapsed = 00:00:19 . Memory (MB): peak = 1596.051 ; gain = 280.273 ; free physical = 12172 ; free virtual = 23373
---------------------------------------------------------------------------------
---------------------------------------------------------------------------------
Start Renaming Generated Ports
---------------------------------------------------------------------------------
---------------------------------------------------------------------------------
Finished Renaming Generated Ports : Time (s): cpu = 00:00:06 ; elapsed = 00:00:19 . Memory (MB): peak = 1596.051 ; gain = 280.273 ; free physical = 12172 ; free virtual = 23373
---------------------------------------------------------------------------------
---------------------------------------------------------------------------------
Start Handling Custom Attributes
---------------------------------------------------------------------------------
---------------------------------------------------------------------------------
Finished Handling Custom Attributes : Time (s): cpu = 00:00:06 ; elapsed = 00:00:19 . Memory (MB): peak = 1596.051 ; gain = 280.273 ; free physical = 12172 ; free virtual = 23373
---------------------------------------------------------------------------------
---------------------------------------------------------------------------------
Start Renaming Generated Nets
---------------------------------------------------------------------------------
---------------------------------------------------------------------------------
Finished Renaming Generated Nets : Time (s): cpu = 00:00:06 ; elapsed = 00:00:19 . Memory (MB): peak = 1596.051 ; gain = 280.273 ; free physical = 12172 ; free virtual = 23373
---------------------------------------------------------------------------------
---------------------------------------------------------------------------------
Start Writing Synthesis Report
---------------------------------------------------------------------------------

Report BlackBoxes: 
+-+--------------+----------+
| |BlackBox name |Instances |
+-+--------------+----------+
+-+--------------+----------+

Report Cell Usage: 
+------+-----+------+
|      |Cell |Count |
+------+-----+------+
|1     |BUFG |     1|
|2     |LUT2 |     1|
|3     |LUT3 |     1|
|4     |LUT4 |     3|
|5     |LUT5 |     7|
|6     |LUT6 |    10|
|7     |FDCE |     6|
|8     |IBUF |    10|
|9     |OBUF |     1|
+------+-----+------+

Report Instance Areas: 
+------+---------+-------+------+
|      |Instance |Module |Cells |
+------+---------+-------+------+
|1     |top      |       |    40|
+------+---------+-------+------+
---------------------------------------------------------------------------------
Finished Writing Synthesis Report : Time (s): cpu = 00:00:06 ; elapsed = 00:00:19 . Memory (MB): peak = 1596.051 ; gain = 280.273 ; free physical = 12172 ; free virtual = 23373
---------------------------------------------------------------------------------
Synthesis finished with 0 errors, 0 critical warnings and 1 warnings.
Synthesis Optimization Runtime : Time (s): cpu = 00:00:06 ; elapsed = 00:00:19 . Memory (MB): peak = 1596.051 ; gain = 280.273 ; free physical = 12175 ; free virtual = 23376
Synthesis Optimization Complete : Time (s): cpu = 00:00:06 ; elapsed = 00:00:19 . Memory (MB): peak = 1596.051 ; gain = 280.273 ; free physical = 12185 ; free virtual = 23386
INFO: [Project 1-571] Translating synthesized netlist
INFO: [Netlist 29-17] Analyzing 10 Unisim elements for replacement
INFO: [Netlist 29-28] Unisim Transformation completed in 0 CPU seconds
INFO: [Project 1-570] Preparing netlist for logic optimization
INFO: [Opt 31-138] Pushed 0 inverter(s) to 0 load pin(s).
INFO: [Project 1-111] Unisim Transformation Summary:
No Unisim elements were transformed.

INFO: [Common 17-83] Releasing license: Synthesis
11 Infos, 1 Warnings, 0 Critical Warnings and 0 Errors encountered.
synth_design completed successfully
synth_design: Time (s): cpu = 00:00:08 ; elapsed = 00:00:22 . Memory (MB): peak = 1748.020 ; gain = 444.895 ; free physical = 12131 ; free virtual = 23342
WARNING: [Constraints 18-5210] No constraint will be written out.
INFO: [Common 17-1381] The checkpoint '/nfs/home/g/gr_marco/313_PROJECT/project/project.runs/synth_1/occupancy_tracker.dcp' has been generated.
INFO: [runtcl-4] Executing : report_utilization -file occupancy_tracker_utilization_synth.rpt -pb occupancy_tracker_utilization_synth.pb
report_utilization: Time (s): cpu = 00:00:00.03 ; elapsed = 00:00:00.12 . Memory (MB): peak = 1772.043 ; gain = 0.000 ; free physical = 12131 ; free virtual = 23343
INFO: [Common 17-206] Exiting Vivado at Thu Jun 13 17:43:07 2024...
