
*** Running vivado
    with args -log occupancy_tracker.vdi -applog -m64 -product Vivado -messageDb vivado.pb -mode batch -source occupancy_tracker.tcl -notrace


****** Vivado v2018.2 (64-bit)
  **** SW Build 2258646 on Thu Jun 14 20:02:38 MDT 2018
  **** IP Build 2256618 on Thu Jun 14 22:10:49 MDT 2018
    ** Copyright 1986-2018 Xilinx, Inc. All Rights Reserved.

source occupancy_tracker.tcl -notrace
Command: link_design -top occupancy_tracker -part xc7a100tcsg324-1
Design is defaulting to srcset: sources_1
Design is defaulting to constrset: constrs_1
INFO: [Netlist 29-17] Analyzing 10 Unisim elements for replacement
INFO: [Netlist 29-28] Unisim Transformation completed in 0 CPU seconds
INFO: [Project 1-479] Netlist was created with Vivado 2018.2
INFO: [Device 21-403] Loading part xc7a100tcsg324-1
INFO: [Project 1-570] Preparing netlist for logic optimization
INFO: [Project 1-111] Unisim Transformation Summary:
No Unisim elements were transformed.

6 Infos, 0 Warnings, 0 Critical Warnings and 0 Errors encountered.
link_design completed successfully
link_design: Time (s): cpu = 00:00:05 ; elapsed = 00:00:14 . Memory (MB): peak = 1591.352 ; gain = 283.215 ; free physical = 12158 ; free virtual = 23370
Command: opt_design
Attempting to get a license for feature 'Implementation' and/or device 'xc7a100t'
INFO: [Common 17-349] Got license for feature 'Implementation' and/or device 'xc7a100t'
Running DRC as a precondition to command opt_design

Starting DRC Task
INFO: [DRC 23-27] Running DRC with 8 threads
INFO: [Project 1-461] DRC finished with 0 Errors
INFO: [Project 1-462] Please refer to the DRC report (report_drc) for more information.

Time (s): cpu = 00:00:00.87 ; elapsed = 00:00:01 . Memory (MB): peak = 1672.379 ; gain = 81.027 ; free physical = 12148 ; free virtual = 23360

Starting Cache Timing Information Task
INFO: [Timing 38-35] Done setting XDC timing constraints.
Ending Cache Timing Information Task | Checksum: 13c767db3

Time (s): cpu = 00:00:07 ; elapsed = 00:00:20 . Memory (MB): peak = 2128.879 ; gain = 456.500 ; free physical = 11693 ; free virtual = 22931

Starting Logic Optimization Task

Phase 1 Retarget
INFO: [Opt 31-138] Pushed 0 inverter(s) to 0 load pin(s).
INFO: [Opt 31-49] Retargeted 0 cell(s).
Phase 1 Retarget | Checksum: 13c767db3

Time (s): cpu = 00:00:00.02 ; elapsed = 00:00:00.04 . Memory (MB): peak = 2128.879 ; gain = 0.000 ; free physical = 11740 ; free virtual = 22979
INFO: [Opt 31-389] Phase Retarget created 0 cells and removed 0 cells

Phase 2 Constant propagation
INFO: [Opt 31-138] Pushed 0 inverter(s) to 0 load pin(s).
Phase 2 Constant propagation | Checksum: 13c767db3

Time (s): cpu = 00:00:00.02 ; elapsed = 00:00:00.04 . Memory (MB): peak = 2128.879 ; gain = 0.000 ; free physical = 11740 ; free virtual = 22979
INFO: [Opt 31-389] Phase Constant propagation created 0 cells and removed 0 cells

Phase 3 Sweep
Phase 3 Sweep | Checksum: 13c767db3

Time (s): cpu = 00:00:00.02 ; elapsed = 00:00:00.04 . Memory (MB): peak = 2128.879 ; gain = 0.000 ; free physical = 11740 ; free virtual = 22979
INFO: [Opt 31-389] Phase Sweep created 0 cells and removed 0 cells

Phase 4 BUFG optimization
Phase 4 BUFG optimization | Checksum: 13c767db3

Time (s): cpu = 00:00:00.02 ; elapsed = 00:00:00.04 . Memory (MB): peak = 2128.879 ; gain = 0.000 ; free physical = 11740 ; free virtual = 22979
INFO: [Opt 31-662] Phase BUFG optimization created 0 cells of which 0 are BUFGs and removed 0 cells.

Phase 5 Shift Register Optimization
Phase 5 Shift Register Optimization | Checksum: 13c767db3

Time (s): cpu = 00:00:00.02 ; elapsed = 00:00:00.04 . Memory (MB): peak = 2128.879 ; gain = 0.000 ; free physical = 11740 ; free virtual = 22979
INFO: [Opt 31-389] Phase Shift Register Optimization created 0 cells and removed 0 cells

Phase 6 Post Processing Netlist
Phase 6 Post Processing Netlist | Checksum: 13c767db3

Time (s): cpu = 00:00:00.02 ; elapsed = 00:00:00.04 . Memory (MB): peak = 2128.879 ; gain = 0.000 ; free physical = 11740 ; free virtual = 22979
INFO: [Opt 31-389] Phase Post Processing Netlist created 0 cells and removed 0 cells

Starting Connectivity Check Task

Time (s): cpu = 00:00:00 ; elapsed = 00:00:00 . Memory (MB): peak = 2128.879 ; gain = 0.000 ; free physical = 11740 ; free virtual = 22979
Ending Logic Optimization Task | Checksum: 13c767db3

Time (s): cpu = 00:00:00.02 ; elapsed = 00:00:00.04 . Memory (MB): peak = 2128.879 ; gain = 0.000 ; free physical = 11740 ; free virtual = 22979

Starting Power Optimization Task
INFO: [Pwropt 34-132] Skipping clock gating for clocks with a period < 2.00 ns.
Ending Power Optimization Task | Checksum: 13c767db3

Time (s): cpu = 00:00:00.01 ; elapsed = 00:00:00.02 . Memory (MB): peak = 2128.879 ; gain = 0.000 ; free physical = 11740 ; free virtual = 22979

Starting Final Cleanup Task
Ending Final Cleanup Task | Checksum: 13c767db3

Time (s): cpu = 00:00:00 ; elapsed = 00:00:00 . Memory (MB): peak = 2128.879 ; gain = 0.000 ; free physical = 11740 ; free virtual = 22979
INFO: [Common 17-83] Releasing license: Implementation
22 Infos, 0 Warnings, 0 Critical Warnings and 0 Errors encountered.
opt_design completed successfully
opt_design: Time (s): cpu = 00:00:08 ; elapsed = 00:00:21 . Memory (MB): peak = 2128.879 ; gain = 537.527 ; free physical = 11740 ; free virtual = 22979
WARNING: [Constraints 18-5210] No constraint will be written out.
INFO: [Common 17-1381] The checkpoint '/nfs/home/g/gr_marco/313_PROJECT/project/project.runs/impl_1/occupancy_tracker_opt.dcp' has been generated.
INFO: [runtcl-4] Executing : report_drc -file occupancy_tracker_drc_opted.rpt -pb occupancy_tracker_drc_opted.pb -rpx occupancy_tracker_drc_opted.rpx
Command: report_drc -file occupancy_tracker_drc_opted.rpt -pb occupancy_tracker_drc_opted.pb -rpx occupancy_tracker_drc_opted.rpx
INFO: [IP_Flow 19-234] Refreshing IP repositories
INFO: [IP_Flow 19-1704] No user IP repositories specified
INFO: [IP_Flow 19-2313] Loaded Vivado IP repository '/CMC/tools/xilinx/Vivado_2018.2/Vivado/2018.2/data/ip'.
INFO: [DRC 23-27] Running DRC with 8 threads
INFO: [Coretcl 2-168] The results of DRC are in file /nfs/home/g/gr_marco/313_PROJECT/project/project.runs/impl_1/occupancy_tracker_drc_opted.rpt.
report_drc completed successfully
Command: place_design
Attempting to get a license for feature 'Implementation' and/or device 'xc7a100t'
INFO: [Common 17-349] Got license for feature 'Implementation' and/or device 'xc7a100t'
INFO: [DRC 23-27] Running DRC with 8 threads
INFO: [Vivado_Tcl 4-198] DRC finished with 0 Errors
INFO: [Vivado_Tcl 4-199] Please refer to the DRC report (report_drc) for more information.
Running DRC as a precondition to command place_design
INFO: [DRC 23-27] Running DRC with 8 threads
INFO: [Vivado_Tcl 4-198] DRC finished with 0 Errors
INFO: [Vivado_Tcl 4-199] Please refer to the DRC report (report_drc) for more information.

Starting Placer Task
INFO: [Place 30-611] Multithreading enabled for place_design using a maximum of 8 CPUs

Phase 1 Placer Initialization

Phase 1.1 Placer Initialization Netlist Sorting
Netlist sorting complete. Time (s): cpu = 00:00:00.01 ; elapsed = 00:00:00 . Memory (MB): peak = 2200.914 ; gain = 0.000 ; free physical = 11695 ; free virtual = 22934
Phase 1.1 Placer Initialization Netlist Sorting | Checksum: 682caeea

Time (s): cpu = 00:00:00.01 ; elapsed = 00:00:00.01 . Memory (MB): peak = 2200.914 ; gain = 0.000 ; free physical = 11695 ; free virtual = 22934
Netlist sorting complete. Time (s): cpu = 00:00:00 ; elapsed = 00:00:00 . Memory (MB): peak = 2200.914 ; gain = 0.000 ; free physical = 11695 ; free virtual = 22934

Phase 1.2 IO Placement/ Clock Placement/ Build Placer Device
INFO: [Timing 38-35] Done setting XDC timing constraints.
Phase 1.2 IO Placement/ Clock Placement/ Build Placer Device | Checksum: 146121b1c

Time (s): cpu = 00:00:00.77 ; elapsed = 00:00:00.37 . Memory (MB): peak = 2225.922 ; gain = 25.008 ; free physical = 11691 ; free virtual = 22932

Phase 1.3 Build Placer Netlist Model
Phase 1.3 Build Placer Netlist Model | Checksum: 200b50d94

Time (s): cpu = 00:00:00.81 ; elapsed = 00:00:00.38 . Memory (MB): peak = 2225.922 ; gain = 25.008 ; free physical = 11691 ; free virtual = 22932

Phase 1.4 Constrain Clocks/Macros
Phase 1.4 Constrain Clocks/Macros | Checksum: 200b50d94

Time (s): cpu = 00:00:00.81 ; elapsed = 00:00:00.38 . Memory (MB): peak = 2225.922 ; gain = 25.008 ; free physical = 11691 ; free virtual = 22932
Phase 1 Placer Initialization | Checksum: 200b50d94

Time (s): cpu = 00:00:00.81 ; elapsed = 00:00:00.38 . Memory (MB): peak = 2225.922 ; gain = 25.008 ; free physical = 11691 ; free virtual = 22932

Phase 2 Global Placement

Phase 2.1 Floorplanning
Phase 2.1 Floorplanning | Checksum: 200b50d94

Time (s): cpu = 00:00:00.84 ; elapsed = 00:00:00.39 . Memory (MB): peak = 2225.922 ; gain = 25.008 ; free physical = 11689 ; free virtual = 22931
WARNING: [Place 46-29] place_design is not in timing mode. Skip physical synthesis in placer
Phase 2 Global Placement | Checksum: 181894c47

Time (s): cpu = 00:00:02 ; elapsed = 00:00:00.63 . Memory (MB): peak = 2366.984 ; gain = 166.070 ; free physical = 11666 ; free virtual = 22908

Phase 3 Detail Placement

Phase 3.1 Commit Multi Column Macros
Phase 3.1 Commit Multi Column Macros | Checksum: 181894c47

Time (s): cpu = 00:00:02 ; elapsed = 00:00:00.63 . Memory (MB): peak = 2366.984 ; gain = 166.070 ; free physical = 11666 ; free virtual = 22908

Phase 3.2 Commit Most Macros & LUTRAMs
Phase 3.2 Commit Most Macros & LUTRAMs | Checksum: 14ef80cec

Time (s): cpu = 00:00:02 ; elapsed = 00:00:00.64 . Memory (MB): peak = 2366.984 ; gain = 166.070 ; free physical = 11666 ; free virtual = 22908

Phase 3.3 Area Swap Optimization
Phase 3.3 Area Swap Optimization | Checksum: 1572e492f

Time (s): cpu = 00:00:02 ; elapsed = 00:00:00.65 . Memory (MB): peak = 2366.984 ; gain = 166.070 ; free physical = 11666 ; free virtual = 22908

Phase 3.4 Pipeline Register Optimization
Phase 3.4 Pipeline Register Optimization | Checksum: 1572e492f

Time (s): cpu = 00:00:02 ; elapsed = 00:00:00.65 . Memory (MB): peak = 2366.984 ; gain = 166.070 ; free physical = 11666 ; free virtual = 22908

Phase 3.5 Small Shape Detail Placement
Phase 3.5 Small Shape Detail Placement | Checksum: 237b011d6

Time (s): cpu = 00:00:03 ; elapsed = 00:00:00.71 . Memory (MB): peak = 2366.984 ; gain = 166.070 ; free physical = 11663 ; free virtual = 22904

Phase 3.6 Re-assign LUT pins
Phase 3.6 Re-assign LUT pins | Checksum: 237b011d6

Time (s): cpu = 00:00:03 ; elapsed = 00:00:00.71 . Memory (MB): peak = 2366.984 ; gain = 166.070 ; free physical = 11663 ; free virtual = 22904

Phase 3.7 Pipeline Register Optimization
Phase 3.7 Pipeline Register Optimization | Checksum: 237b011d6

Time (s): cpu = 00:00:03 ; elapsed = 00:00:00.72 . Memory (MB): peak = 2366.984 ; gain = 166.070 ; free physical = 11663 ; free virtual = 22904
Phase 3 Detail Placement | Checksum: 237b011d6

Time (s): cpu = 00:00:03 ; elapsed = 00:00:00.72 . Memory (MB): peak = 2366.984 ; gain = 166.070 ; free physical = 11663 ; free virtual = 22904

Phase 4 Post Placement Optimization and Clean-Up

Phase 4.1 Post Commit Optimization
Phase 4.1 Post Commit Optimization | Checksum: 237b011d6

Time (s): cpu = 00:00:03 ; elapsed = 00:00:00.72 . Memory (MB): peak = 2366.984 ; gain = 166.070 ; free physical = 11663 ; free virtual = 22904

Phase 4.2 Post Placement Cleanup
Phase 4.2 Post Placement Cleanup | Checksum: 237b011d6

Time (s): cpu = 00:00:03 ; elapsed = 00:00:00.72 . Memory (MB): peak = 2366.984 ; gain = 166.070 ; free physical = 11664 ; free virtual = 22906

Phase 4.3 Placer Reporting
Phase 4.3 Placer Reporting | Checksum: 237b011d6

Time (s): cpu = 00:00:03 ; elapsed = 00:00:00.72 . Memory (MB): peak = 2366.984 ; gain = 166.070 ; free physical = 11664 ; free virtual = 22906

Phase 4.4 Final Placement Cleanup
Phase 4.4 Final Placement Cleanup | Checksum: 1b6012392

Time (s): cpu = 00:00:03 ; elapsed = 00:00:00.72 . Memory (MB): peak = 2366.984 ; gain = 166.070 ; free physical = 11664 ; free virtual = 22906
Phase 4 Post Placement Optimization and Clean-Up | Checksum: 1b6012392

Time (s): cpu = 00:00:03 ; elapsed = 00:00:00.72 . Memory (MB): peak = 2366.984 ; gain = 166.070 ; free physical = 11664 ; free virtual = 22906
Ending Placer Task | Checksum: 13dc3183b

Time (s): cpu = 00:00:03 ; elapsed = 00:00:00.73 . Memory (MB): peak = 2366.984 ; gain = 166.070 ; free physical = 11682 ; free virtual = 22923
INFO: [Common 17-83] Releasing license: Implementation
39 Infos, 2 Warnings, 0 Critical Warnings and 0 Errors encountered.
place_design completed successfully
WARNING: [Constraints 18-5210] No constraint will be written out.
Writing placer database...
Writing XDEF routing.
Writing XDEF routing logical nets.
Writing XDEF routing special nets.
Write XDEF Complete: Time (s): cpu = 00:00:00.10 ; elapsed = 00:00:00.29 . Memory (MB): peak = 2366.984 ; gain = 0.000 ; free physical = 11680 ; free virtual = 22923
INFO: [Common 17-1381] The checkpoint '/nfs/home/g/gr_marco/313_PROJECT/project/project.runs/impl_1/occupancy_tracker_placed.dcp' has been generated.
INFO: [runtcl-4] Executing : report_io -file occupancy_tracker_io_placed.rpt
report_io: Time (s): cpu = 00:00:00.06 ; elapsed = 00:00:00.12 . Memory (MB): peak = 2366.984 ; gain = 0.000 ; free physical = 11672 ; free virtual = 22914
INFO: [runtcl-4] Executing : report_utilization -file occupancy_tracker_utilization_placed.rpt -pb occupancy_tracker_utilization_placed.pb
report_utilization: Time (s): cpu = 00:00:00.04 ; elapsed = 00:00:00.07 . Memory (MB): peak = 2366.984 ; gain = 0.000 ; free physical = 11679 ; free virtual = 22921
INFO: [runtcl-4] Executing : report_control_sets -verbose -file occupancy_tracker_control_sets_placed.rpt
report_control_sets: Time (s): cpu = 00:00:00.02 ; elapsed = 00:00:00.07 . Memory (MB): peak = 2366.984 ; gain = 0.000 ; free physical = 11681 ; free virtual = 22924
Command: route_design
Attempting to get a license for feature 'Implementation' and/or device 'xc7a100t'
INFO: [Common 17-349] Got license for feature 'Implementation' and/or device 'xc7a100t'
Running DRC as a precondition to command route_design
INFO: [DRC 23-27] Running DRC with 8 threads
INFO: [Vivado_Tcl 4-198] DRC finished with 0 Errors
INFO: [Vivado_Tcl 4-199] Please refer to the DRC report (report_drc) for more information.


Starting Routing Task
INFO: [Route 35-254] Multithreading enabled for route_design using a maximum of 8 CPUs
Checksum: PlaceDB: d5966951 ConstDB: 0 ShapeSum: 682caeea RouteDB: 0

Phase 1 Build RT Design
Phase 1 Build RT Design | Checksum: 6407fbf4

Time (s): cpu = 00:00:13 ; elapsed = 00:00:10 . Memory (MB): peak = 2395.980 ; gain = 28.996 ; free physical = 11531 ; free virtual = 22773
Post Restoration Checksum: NetGraph: 9a781a NumContArr: 636d83da Constraints: 0 Timing: 0

Phase 2 Router Initialization
INFO: [Route 35-64] No timing constraints were detected. The router will operate in resource-optimization mode.

Phase 2.1 Fix Topology Constraints
Phase 2.1 Fix Topology Constraints | Checksum: 6407fbf4

Time (s): cpu = 00:00:13 ; elapsed = 00:00:10 . Memory (MB): peak = 2400.969 ; gain = 33.984 ; free physical = 11499 ; free virtual = 22741

Phase 2.2 Pre Route Cleanup
Phase 2.2 Pre Route Cleanup | Checksum: 6407fbf4

Time (s): cpu = 00:00:13 ; elapsed = 00:00:10 . Memory (MB): peak = 2400.969 ; gain = 33.984 ; free physical = 11499 ; free virtual = 22741
 Number of Nodes with overlaps = 0
Phase 2 Router Initialization | Checksum: b47cd11e

Time (s): cpu = 00:00:13 ; elapsed = 00:00:10 . Memory (MB): peak = 2410.234 ; gain = 43.250 ; free physical = 11490 ; free virtual = 22732

Phase 3 Initial Routing
Phase 3 Initial Routing | Checksum: 9703326e

Time (s): cpu = 00:00:13 ; elapsed = 00:00:10 . Memory (MB): peak = 2410.234 ; gain = 43.250 ; free physical = 11491 ; free virtual = 22734

Phase 4 Rip-up And Reroute

Phase 4.1 Global Iteration 0
 Number of Nodes with overlaps = 1
 Number of Nodes with overlaps = 0
Phase 4.1 Global Iteration 0 | Checksum: a2a32d0f

Time (s): cpu = 00:00:13 ; elapsed = 00:00:10 . Memory (MB): peak = 2410.234 ; gain = 43.250 ; free physical = 11493 ; free virtual = 22735
Phase 4 Rip-up And Reroute | Checksum: a2a32d0f

Time (s): cpu = 00:00:13 ; elapsed = 00:00:10 . Memory (MB): peak = 2410.234 ; gain = 43.250 ; free physical = 11493 ; free virtual = 22735

Phase 5 Delay and Skew Optimization
Phase 5 Delay and Skew Optimization | Checksum: a2a32d0f

Time (s): cpu = 00:00:13 ; elapsed = 00:00:10 . Memory (MB): peak = 2410.234 ; gain = 43.250 ; free physical = 11493 ; free virtual = 22735

Phase 6 Post Hold Fix

Phase 6.1 Hold Fix Iter
Phase 6.1 Hold Fix Iter | Checksum: a2a32d0f

Time (s): cpu = 00:00:13 ; elapsed = 00:00:10 . Memory (MB): peak = 2410.234 ; gain = 43.250 ; free physical = 11493 ; free virtual = 22735
Phase 6 Post Hold Fix | Checksum: a2a32d0f

Time (s): cpu = 00:00:13 ; elapsed = 00:00:10 . Memory (MB): peak = 2410.234 ; gain = 43.250 ; free physical = 11493 ; free virtual = 22735

Phase 7 Route finalize

Router Utilization Summary
  Global Vertical Routing Utilization    = 0.00221961 %
  Global Horizontal Routing Utilization  = 0.00177607 %
  Routable Net Status*
  *Does not include unroutable nets such as driverless and loadless.
  Run report_route_status for detailed report.
  Number of Failed Nets               = 0
  Number of Unrouted Nets             = 0
  Number of Partially Routed Nets     = 0
  Number of Node Overlaps             = 0

Congestion Report
North Dir 1x1 Area, Max Cong = 7.20721%, No Congested Regions.
South Dir 1x1 Area, Max Cong = 7.20721%, No Congested Regions.
East Dir 1x1 Area, Max Cong = 5.88235%, No Congested Regions.
West Dir 1x1 Area, Max Cong = 4.41176%, No Congested Regions.

------------------------------
Reporting congestion hotspots
------------------------------
Direction: North
----------------
Congested clusters found at Level 0
Effective congestion level: 0 Aspect Ratio: 1 Sparse Ratio: 0
Direction: South
----------------
Congested clusters found at Level 0
Effective congestion level: 0 Aspect Ratio: 1 Sparse Ratio: 0
Direction: East
----------------
Congested clusters found at Level 0
Effective congestion level: 0 Aspect Ratio: 1 Sparse Ratio: 0
Direction: West
----------------
Congested clusters found at Level 0
Effective congestion level: 0 Aspect Ratio: 1 Sparse Ratio: 0

Phase 7 Route finalize | Checksum: a2a32d0f

Time (s): cpu = 00:00:14 ; elapsed = 00:00:10 . Memory (MB): peak = 2410.234 ; gain = 43.250 ; free physical = 11493 ; free virtual = 22735

Phase 8 Verifying routed nets

 Verification completed successfully
Phase 8 Verifying routed nets | Checksum: a2a32d0f

Time (s): cpu = 00:00:14 ; elapsed = 00:00:10 . Memory (MB): peak = 2413.234 ; gain = 46.250 ; free physical = 11492 ; free virtual = 22734

Phase 9 Depositing Routes
Phase 9 Depositing Routes | Checksum: cf837895

Time (s): cpu = 00:00:14 ; elapsed = 00:00:10 . Memory (MB): peak = 2413.234 ; gain = 46.250 ; free physical = 11492 ; free virtual = 22734
INFO: [Route 35-16] Router Completed Successfully

Time (s): cpu = 00:00:14 ; elapsed = 00:00:10 . Memory (MB): peak = 2413.234 ; gain = 46.250 ; free physical = 11527 ; free virtual = 22769

Routing Is Done.
INFO: [Common 17-83] Releasing license: Implementation
51 Infos, 3 Warnings, 0 Critical Warnings and 0 Errors encountered.
route_design completed successfully
route_design: Time (s): cpu = 00:00:15 ; elapsed = 00:00:12 . Memory (MB): peak = 2413.238 ; gain = 46.254 ; free physical = 11527 ; free virtual = 22769
WARNING: [Constraints 18-5210] No constraint will be written out.
Writing placer database...
Writing XDEF routing.
Writing XDEF routing logical nets.
Writing XDEF routing special nets.
Write XDEF Complete: Time (s): cpu = 00:00:00.02 ; elapsed = 00:00:00.10 . Memory (MB): peak = 2413.238 ; gain = 0.000 ; free physical = 11526 ; free virtual = 22769
INFO: [Common 17-1381] The checkpoint '/nfs/home/g/gr_marco/313_PROJECT/project/project.runs/impl_1/occupancy_tracker_routed.dcp' has been generated.
INFO: [runtcl-4] Executing : report_drc -file occupancy_tracker_drc_routed.rpt -pb occupancy_tracker_drc_routed.pb -rpx occupancy_tracker_drc_routed.rpx
Command: report_drc -file occupancy_tracker_drc_routed.rpt -pb occupancy_tracker_drc_routed.pb -rpx occupancy_tracker_drc_routed.rpx
INFO: [DRC 23-27] Running DRC with 8 threads
INFO: [Coretcl 2-168] The results of DRC are in file /nfs/home/g/gr_marco/313_PROJECT/project/project.runs/impl_1/occupancy_tracker_drc_routed.rpt.
report_drc completed successfully
INFO: [runtcl-4] Executing : report_methodology -file occupancy_tracker_methodology_drc_routed.rpt -pb occupancy_tracker_methodology_drc_routed.pb -rpx occupancy_tracker_methodology_drc_routed.rpx
Command: report_methodology -file occupancy_tracker_methodology_drc_routed.rpt -pb occupancy_tracker_methodology_drc_routed.pb -rpx occupancy_tracker_methodology_drc_routed.rpx
INFO: [Timing 38-35] Done setting XDC timing constraints.
INFO: [Timing 38-35] Done setting XDC timing constraints.
INFO: [DRC 23-133] Running Methodology with 8 threads
INFO: [Coretcl 2-1520] The results of Report Methodology are in file /nfs/home/g/gr_marco/313_PROJECT/project/project.runs/impl_1/occupancy_tracker_methodology_drc_routed.rpt.
report_methodology completed successfully
INFO: [runtcl-4] Executing : report_power -file occupancy_tracker_power_routed.rpt -pb occupancy_tracker_power_summary_routed.pb -rpx occupancy_tracker_power_routed.rpx
Command: report_power -file occupancy_tracker_power_routed.rpt -pb occupancy_tracker_power_summary_routed.pb -rpx occupancy_tracker_power_routed.rpx
WARNING: [Power 33-232] No user defined clocks were found in the design!
Resolution: Please specify clocks using create_clock/create_generated_clock for sequential elements. For pure combinatorial circuits, please specify a virtual clock, otherwise the vectorless estimation might be inaccurate
INFO: [Timing 38-35] Done setting XDC timing constraints.
Running Vector-less Activity Propagation...

Finished Running Vector-less Activity Propagation
62 Infos, 5 Warnings, 0 Critical Warnings and 0 Errors encountered.
report_power completed successfully
INFO: [runtcl-4] Executing : report_route_status -file occupancy_tracker_route_status.rpt -pb occupancy_tracker_route_status.pb
INFO: [runtcl-4] Executing : report_timing_summary -max_paths 10 -file occupancy_tracker_timing_summary_routed.rpt -pb occupancy_tracker_timing_summary_routed.pb -rpx occupancy_tracker_timing_summary_routed.rpx -warn_on_violation 
INFO: [Timing 38-91] UpdateTimingParams: Speed grade: -1, Delay Type: min_max, Timing Stage: Requireds.
INFO: [Timing 38-191] Multithreading enabled for timing update using a maximum of 8 CPUs
WARNING: [Timing 38-313] There are no user specified timing constraints. Timing constraints are needed for proper timing analysis.
INFO: [runtcl-4] Executing : report_incremental_reuse -file occupancy_tracker_incremental_reuse_routed.rpt
INFO: [Vivado_Tcl 4-545] No incremental reuse to report, no incremental placement and routing data was found.
INFO: [runtcl-4] Executing : report_clock_utilization -file occupancy_tracker_clock_utilization_routed.rpt
INFO: [runtcl-4] Executing : report_bus_skew -warn_on_violation -file occupancy_tracker_bus_skew_routed.rpt -pb occupancy_tracker_bus_skew_routed.pb -rpx occupancy_tracker_bus_skew_routed.rpx
INFO: [Timing 38-91] UpdateTimingParams: Speed grade: -1, Delay Type: min_max, Timing Stage: Requireds.
INFO: [Timing 38-191] Multithreading enabled for timing update using a maximum of 8 CPUs
INFO: [Common 17-206] Exiting Vivado at Thu Jun 13 17:44:26 2024...
